pnlAddPane();
nil
1
designOpen("D:\\mos-gnrfet\\6tsram\\6TSRAM.sp");
"D0"
t
pnlAddCurve(1, node(D0,"A0","v(0)"), node(D0,"A0","TIME"));
nil
pnlAddCurve(1, node(D0,"A0","v(a)"), node(D0,"A0","TIME"));
nil
pnlAddCurve(1, node(D0,"A0","v(op)"), node(D0,"A0","TIME"));
nil
pnlAddCurve(1, node(D0,"A0","v(z)"), node(D0,"A0","TIME"));
nil
pnlAddCurve(1, node(D0,"A0","i(vds)"), node(D0,"A0","TIME"));
nil
pnlAddCurve(1, node(D0,"A0","i(vina)"), node(D0,"A0","TIME"));
nil
pnlDeletePane(1, 1);
nil
nil
