pnlAddPane();
nil
1
designOpen("D:\\mos-gnrfet\\hfwa9t\\HFWA9T.sp");
"D0"
t
pnlAddCurve(1, node(D0,"A0","v(0)"), node(D0,"A0","TIME"));
nil
pnlAddCurve(1, node(D0,"A0","v(a)"), node(D0,"A0","TIME"));
nil
pnlAddCurve(1, node(D0,"A0","v(d)"), node(D0,"A0","TIME"));
nil
pnlAddCurve(1, node(D0,"A0","v(op)"), node(D0,"A0","TIME"));
nil
pnlAddCurve(1, node(D0,"A0","v(z)"), node(D0,"A0","TIME"));
nil
pnlAddCurve(1, node(D0,"A0","i(vds)"), node(D0,"A0","TIME"));
nil
pnlAddCurve(1, node(D0,"A0","i(vina)"), node(D0,"A0","TIME"));
nil
designOpen("D:\\mos-gnrfet\\6TSRAM\\6TSRAM.sp");
"D1"
t
pnlAddCurve(1, node(D1,"A0","v(0)"), node(D1,"A0","TIME"));
nil
quit();
exit
pnlDeletePane(1, 1);
nil
nil
